Base path: 'D:/ludov/2019.2.19f1/Editor/Data', plugins path 'D:/ludov/2019.2.19f1/Editor/Data/PlaybackEngines'
Cmd: initializeCompiler
Cmd: preprocess
  insize=2348 outsize=632 ok=1
Cmd: preprocess
  insize=3115 outsize=305 ok=1
Cmd: preprocess
  insize=6536 outsize=3109 ok=1
Cmd: preprocess
  insize=3608 outsize=1262 ok=1
Cmd: preprocessCompute
  insize=2053 outsize=2059 ok=1
Cmd: preprocess
  insize=3652 outsize=1674 ok=1
Cmd: preprocess
  insize=11491 outsize=934 ok=1
Cmd: preprocess
  insize=1521 outsize=219 ok=1
Cmd: preprocessCompute
  insize=1170 outsize=1176 ok=1
Cmd: preprocessCompute
  insize=3064 outsize=3070 ok=1
Cmd: preprocessCompute
  insize=10871 outsize=10881 ok=1
Cmd: preprocess
  insize=1181 outsize=305 ok=1
Cmd: preprocess
  insize=12353 outsize=531 ok=1
Cmd: preprocess
  insize=1802 outsize=304 ok=1
Cmd: preprocessCompute
  insize=4847 outsize=4855 ok=1
Cmd: preprocess
  insize=3606 outsize=1310 ok=1
Cmd: preprocess
  insize=2476 outsize=831 ok=1
Cmd: preprocessCompute
  insize=3390 outsize=3396 ok=1
Cmd: preprocess
  insize=6092 outsize=364 ok=1
Cmd: preprocess
  insize=597 outsize=216 ok=1
Cmd: preprocess
  insize=1656 outsize=351 ok=1
Cmd: preprocessCompute
  insize=18277 outsize=18299 ok=1
Cmd: preprocess
  insize=3209 outsize=790 ok=1
Cmd: preprocess
  insize=10875 outsize=4001 ok=1
Cmd: preprocessCompute
  insize=5431 outsize=5435 ok=1
Cmd: preprocess
  insize=7160 outsize=397 ok=1
Cmd: preprocess
  insize=2404 outsize=1061 ok=1
Cmd: preprocess
  insize=3615 outsize=2669 ok=1
Cmd: preprocessCompute
  insize=3066 outsize=3072 ok=1
Cmd: preprocessCompute
  insize=1800 outsize=1806 ok=1
Cmd: preprocess
  insize=445 outsize=445 ok=1
Cmd: preprocess
  insize=7844 outsize=2494 ok=1
Cmd: preprocess
  insize=1606 outsize=221 ok=1
Cmd: preprocess
  insize=3571 outsize=223 ok=1
Cmd: preprocess
  insize=11969 outsize=996 ok=1
Cmd: preprocess
  insize=8019 outsize=2766 ok=1
Cmd: preprocess
  insize=6257 outsize=1253 ok=1
Cmd: preprocess
  insize=1133 outsize=389 ok=1
Cmd: preprocess
  insize=3207 outsize=1205 ok=1
Cmd: preprocess
  insize=2420 outsize=1129 ok=1
Cmd: preprocess
  insize=3070 outsize=1373 ok=1
Cmd: preprocess
  insize=10864 outsize=3992 ok=1
Cmd: preprocess
  insize=3632 outsize=364 ok=1
Cmd: preprocessCompute
  insize=1448 outsize=1454 ok=1
Cmd: preprocessCompute
  insize=2038 outsize=2044 ok=1
Cmd: preprocess
  insize=2270 outsize=638 ok=1
Cmd: preprocess
  insize=4766 outsize=689 ok=1
Cmd: preprocess
  insize=4453 outsize=3687 ok=1
Cmd: preprocess
  insize=2609 outsize=220 ok=1
Cmd: preprocess
  insize=1979 outsize=735 ok=1
Cmd: preprocess
  insize=1344 outsize=291 ok=1
Cmd: preprocess
  insize=7870 outsize=2504 ok=1
Cmd: compileSnippet
  api=4 type=0 insize=2420 outsize=1482 kw=UNITY_UI_CLIP_RECT UNITY_UI_ALPHACLIP pd=UNITY_ENABLE_REFLECTION_BUFFERS UNITY_USE_DITHER_MASK_FOR_ALPHABLENDED_SHADOWS UNITY_PBS_USE_BRDF1 UNITY_SPECCUBE_BOX_PROJECTION UNITY_SPECCUBE_BLENDING UNITY_ENABLE_DETAIL_NORMALMAP SHADER_API_DESKTOP UNITY_LIGHT_PROBE_PROXY_VOLUME UNITY_LIGHTMAP_FULL_HDR ok=1
Cmd: compileSnippet
  api=4 type=0 insize=7319 outsize=3058 kw=UNITY_UI_ALPHACLIP pd=UNITY_ENABLE_REFLECTION_BUFFERS UNITY_USE_DITHER_MASK_FOR_ALPHABLENDED_SHADOWS UNITY_PBS_USE_BRDF1 UNITY_SPECCUBE_BOX_PROJECTION UNITY_SPECCUBE_BLENDING UNITY_ENABLE_DETAIL_NORMALMAP SHADER_API_DESKTOP UNITY_LIGHT_PROBE_PROXY_VOLUME UNITY_LIGHTMAP_FULL_HDR ok=1
Cmd: compileSnippet
  api=4 type=0 insize=5809 outsize=3098 kw=UNITY_UI_CLIP_RECT UNITY_UI_ALPHACLIP pd=UNITY_ENABLE_REFLECTION_BUFFERS UNITY_USE_DITHER_MASK_FOR_ALPHABLENDED_SHADOWS UNITY_PBS_USE_BRDF1 UNITY_SPECCUBE_BOX_PROJECTION UNITY_SPECCUBE_BLENDING UNITY_ENABLE_DETAIL_NORMALMAP SHADER_API_DESKTOP UNITY_LIGHT_PROBE_PROXY_VOLUME UNITY_LIGHTMAP_FULL_HDR ok=1
Cmd: compileSnippet
  api=4 type=1 insize=5809 outsize=858 kw=OUTLINE_ON UNITY_UI_CLIP_RECT UNITY_UI_ALPHACLIP pd=UNITY_ENABLE_REFLECTION_BUFFERS UNITY_USE_DITHER_MASK_FOR_ALPHABLENDED_SHADOWS UNITY_PBS_USE_BRDF1 UNITY_SPECCUBE_BOX_PROJECTION UNITY_SPECCUBE_BLENDING UNITY_ENABLE_DETAIL_NORMALMAP SHADER_API_DESKTOP UNITY_LIGHT_PROBE_PROXY_VOLUME UNITY_LIGHTMAP_FULL_HDR ok=1
